<?xml version="1.0" encoding="UTF-8"?>
<!-- Generated by org.testng.reporters.JUnitXMLReporter -->
<testsuite ignored="5" hostname="H4877CC0001" failures="1" tests="1" name="Default test" time="57.625" errors="0" timestamp="2025-08-15T19:07:04 GMT-03:00">
  <testcase classname="ar.com.bna.digitaltest.testcases.ConfirmarPagoTokenTest" name="enterTokenAndSubmmitWrongPayment" time="11.025">
    <failure type="java.lang.NullPointerException" message="Cannot invoke &amp;quot;org.openqa.selenium.WebElement.getText()&amp;quot; because the return value of &amp;quot;ar.com.bna.digitaltest.pages.BasePage.waitUntilElementIsPresent(org.openqa.selenium.By)&amp;quot; is null">
      <![CDATA[java.lang.NullPointerException: Cannot invoke "org.openqa.selenium.WebElement.getText()" because the return value of "ar.com.bna.digitaltest.pages.BasePage.waitUntilElementIsPresent(org.openqa.selenium.By)" is null
at ar.com.bna.digitaltest.pages.TicketPage.getMessageText(TicketPage.java:18)
at ar.com.bna.digitaltest.testcases.ConfirmarPagoTokenTest.enterTokenAndSubmmitWrongPayment(ConfirmarPagoTokenTest.java:96)
at java.base/jdk.internal.reflect.DirectMethodHandleAccessor.invoke(DirectMethodHandleAccessor.java:103)
at java.base/java.lang.reflect.Method.invoke(Method.java:580)
at org.testng.internal.MethodInvocationHelper.invokeMethod(MethodInvocationHelper.java:133)
at org.testng.internal.TestInvoker.invokeMethod(TestInvoker.java:598)
at org.testng.internal.TestInvoker.invokeTestMethod(TestInvoker.java:173)
at org.testng.internal.MethodRunner.runInSequence(MethodRunner.java:46)
at org.testng.internal.TestInvoker$MethodInvocationAgent.invoke(TestInvoker.java:824)
at org.testng.internal.TestInvoker.invokeTestMethods(TestInvoker.java:146)
at org.testng.internal.TestMethodWorker.invokeTestMethods(TestMethodWorker.java:146)
at org.testng.internal.TestMethodWorker.run(TestMethodWorker.java:128)
at java.base/java.util.ArrayList.forEach(ArrayList.java:1597)
at org.testng.TestRunner.privateRun(TestRunner.java:794)
at org.testng.TestRunner.run(TestRunner.java:596)
at org.testng.SuiteRunner.runTest(SuiteRunner.java:377)
at org.testng.SuiteRunner.runSequentially(SuiteRunner.java:371)
at org.testng.SuiteRunner.privateRun(SuiteRunner.java:332)
at org.testng.SuiteRunner.run(SuiteRunner.java:276)
at org.testng.SuiteRunnerWorker.runSuite(SuiteRunnerWorker.java:53)
at org.testng.SuiteRunnerWorker.run(SuiteRunnerWorker.java:96)
at org.testng.TestNG.runSuitesSequentially(TestNG.java:1212)
at org.testng.TestNG.runSuitesLocally(TestNG.java:1134)
at org.testng.TestNG.runSuites(TestNG.java:1063)
at org.testng.TestNG.run(TestNG.java:1031)
at org.testng.remote.AbstractRemoteTestNG.run(AbstractRemoteTestNG.java:115)
at org.testng.remote.RemoteTestNG.initAndRun(RemoteTestNG.java:293)
at org.testng.remote.RemoteTestNG.main(RemoteTestNG.java:91)
]]>
    </failure>
  </testcase> <!-- enterTokenAndSubmmitWrongPayment -->
  <testcase classname="ar.com.bna.digitaltest.testcases.ConfirmarPagoTokenTest" name="verifyTitle" time="0.0">
    <ignored/>
  </testcase> <!-- verifyTitle -->
  <testcase classname="ar.com.bna.digitaltest.testcases.ConfirmarPagoTokenTest" name="verifyData" time="0.0">
    <ignored/>
  </testcase> <!-- verifyData -->
  <testcase classname="ar.com.bna.digitaltest.testcases.ConfirmarPagoTokenTest" name="enterNoTokenAndSubmmit" time="0.0">
    <ignored/>
  </testcase> <!-- enterNoTokenAndSubmmit -->
  <testcase classname="ar.com.bna.digitaltest.testcases.ConfirmarPagoTokenTest" name="enterTokenAndSubmmitCorrectPayment" time="0.0">
    <ignored/>
  </testcase> <!-- enterTokenAndSubmmitCorrectPayment -->
  <testcase classname="ar.com.bna.digitaltest.testcases.ConfirmarPagoTokenTest" name="verifyHeader" time="0.0">
    <ignored/>
  </testcase> <!-- verifyHeader -->
</testsuite> <!-- Default test -->
