<?xml version="1.0" encoding="UTF-8"?>
<!-- Generated by org.testng.reporters.JUnitXMLReporter -->
<testsuite ignored="3" hostname="H4877CC0001" failures="0" tests="4" name="Test" time="49.79" errors="0" timestamp="2025-08-16T15:25:13 GMT-03:00">
  <testcase classname="ar.com.bna.digitaltest.testcases.DebinTest" name="@BeforeMethod loginAndGoToNuevoPagoPage" time="40.449">
    <failure type="java.lang.NullPointerException" message="Cannot invoke &amp;quot;org.openqa.selenium.WebElement.sendKeys(java.lang.CharSequence[])&amp;quot; because the return value of &amp;quot;ar.com.bna.digitaltest.pages.BasePage.waitUntilElementIsPresent(org.openqa.selenium.By)&amp;quot; is null">
      <![CDATA[java.lang.NullPointerException: Cannot invoke "org.openqa.selenium.WebElement.sendKeys(java.lang.CharSequence[])" because the return value of "ar.com.bna.digitaltest.pages.BasePage.waitUntilElementIsPresent(org.openqa.selenium.By)" is null
at ar.com.bna.digitaltest.pages.BasePage.sendKeys(BasePage.java:47)
at ar.com.bna.digitaltest.pages.LoginPage1.enterUsername(LoginPage1.java:23)
at ar.com.bna.digitaltest.testcases.DebinTest.loginAndGoToNuevoPagoPage(DebinTest.java:40)
at java.base/java.util.ArrayList.forEach(ArrayList.java:1597)
... Removed 29 stack frames]]>
    </failure>
  </testcase> <!-- @BeforeMethod loginAndGoToNuevoPagoPage -->
  <testcase classname="ar.com.bna.digitaltest.testcases.BaseTest" name="@BeforeMethod setup" time="-1.755368713465E9">
    <skipped/>
  </testcase> <!-- @BeforeMethod setup -->
  <testcase classname="ar.com.bna.digitaltest.testcases.DebinTest" name="@BeforeMethod loginAndGoToNuevoPagoPage" time="-1.755368713466E9">
    <skipped/>
  </testcase> <!-- @BeforeMethod loginAndGoToNuevoPagoPage -->
  <testcase classname="ar.com.bna.digitaltest.testcases.BaseTest" name="@BeforeMethod setup" time="-1.755368713472E9">
    <skipped/>
  </testcase> <!-- @BeforeMethod setup -->
  <testcase classname="ar.com.bna.digitaltest.testcases.DebinTest" name="@BeforeMethod loginAndGoToNuevoPagoPage" time="-1.755368713474E9">
    <skipped/>
  </testcase> <!-- @BeforeMethod loginAndGoToNuevoPagoPage -->
  <testcase classname="ar.com.bna.digitaltest.testcases.BaseTest" name="@BeforeMethod setup" time="-1.755368713481E9">
    <skipped/>
  </testcase> <!-- @BeforeMethod setup -->
  <testcase classname="ar.com.bna.digitaltest.testcases.DebinTest" name="@BeforeMethod loginAndGoToNuevoPagoPage" time="-1.755368713481E9">
    <skipped/>
  </testcase> <!-- @BeforeMethod loginAndGoToNuevoPagoPage -->
  <testcase classname="ar.com.bna.digitaltest.testcases.DebinTest" name="generateDebin" time="0.0">
    <skipped/>
  </testcase> <!-- generateDebin -->
  <testcase classname="ar.com.bna.digitaltest.testcases.DebinTest" name="generateDebin" time="0.0">
    <skipped/>
  </testcase> <!-- generateDebin -->
  <testcase classname="ar.com.bna.digitaltest.testcases.DebinTest" name="generateDebinRecurrente" time="0.0">
    <skipped/>
  </testcase> <!-- generateDebinRecurrente -->
  <testcase classname="ar.com.bna.digitaltest.testcases.DebinTest" name="generateDebinRecurrente" time="0.0">
    <skipped/>
  </testcase> <!-- generateDebinRecurrente -->
  <testcase classname="ar.com.bna.digitaltest.testcases.DebinTest" name="verifyHeader" time="0.0">
    <ignored/>
  </testcase> <!-- verifyHeader -->
  <testcase classname="ar.com.bna.digitaltest.testcases.BaseTest" name="@AfterSuite openHtmlReport" time="0.0">
    <ignored/>
  </testcase> <!-- @AfterSuite openHtmlReport -->
  <testcase classname="ar.com.bna.digitaltest.testcases.DebinTest" name="verifyTitle" time="0.0">
    <ignored/>
  </testcase> <!-- verifyTitle -->
</testsuite> <!-- Test -->
