<?xml version="1.0" encoding="UTF-8"?>
<!-- Generated by org.testng.reporters.JUnitXMLReporter -->
<testsuite ignored="3" hostname="H4877CC0001" failures="4" tests="6" name="Test(failed)" time="302.857" errors="0" timestamp="2025-03-19T14:28:46 GMT-03:00">
  <testcase classname="ar.com.bna.digitaltest.testcases.DebinTest" name="generateDebin" time="3.498">
    <failure type="org.openqa.selenium.StaleElementReferenceException" message="stale element reference: stale element not found in the current frame
  (Session info: chrome=133.0.6943.54)
For documentation on this error, please visit: https://www.selenium.dev/documentation/webdriver/troubleshooting/errors#stale-element-reference-exception
Build info: version: &amp;apos;4.28.0&amp;apos;, revision: &amp;apos;ac342546e9&amp;apos;
System info: os.name: &amp;apos;Windows 10&amp;apos;, os.arch: &amp;apos;amd64&amp;apos;, os.version: &amp;apos;10.0&amp;apos;, java.version: &amp;apos;23&amp;apos;
Driver info: org.openqa.selenium.chrome.ChromeDriver
Command: [96bfc4971eec8e6eb5e05f26ae239f5a, clickElement {id=f.EB1DEEB67402DAF076C39D4ADC1182E1.d.42AF910B26647E408079B768B1221D72.e.81}]
Capabilities {acceptInsecureCerts: false, browserName: chrome, browserVersion: 133.0.6943.54, chrome: {chromedriverVersion: 133.0.6943.53 (9a80935019b0..., userDataDir: C:\Windows\SystemTemp\scope...}, fedcm:accounts: true, goog:chromeOptions: {debuggerAddress: localhost:60770}, networkConnectionEnabled: false, pageLoadStrategy: normal, platformName: windows, proxy: Proxy(), se:cdp: ws://localhost:60770/devtoo..., se:cdpVersion: 133.0.6943.54, setWindowRect: true, strictFileInteractability: false, timeouts: {implicit: 0, pageLoad: 300000, script: 30000}, unhandledPromptBehavior: dismiss and notify, webauthn:extension:credBlob: true, webauthn:extension:largeBlob: true, webauthn:extension:minPinLength: true, webauthn:extension:prf: true, webauthn:virtualAuthenticators: true}
Element: [[ChromeDriver: chrome on windows (96bfc4971eec8e6eb5e05f26ae239f5a)] -&amp;gt; xpath: //span[normalize-space()=&amp;apos;CCE U$S 00700170285542&amp;apos;]]
Session ID: 96bfc4971eec8e6eb5e05f26ae239f5a">
      <![CDATA[org.openqa.selenium.StaleElementReferenceException: stale element reference: stale element not found in the current frame
  (Session info: chrome=133.0.6943.54)
For documentation on this error, please visit: https://www.selenium.dev/documentation/webdriver/troubleshooting/errors#stale-element-reference-exception
Build info: version: '4.28.0', revision: 'ac342546e9'
System info: os.name: 'Windows 10', os.arch: 'amd64', os.version: '10.0', java.version: '23'
Driver info: org.openqa.selenium.chrome.ChromeDriver
Command: [96bfc4971eec8e6eb5e05f26ae239f5a, clickElement {id=f.EB1DEEB67402DAF076C39D4ADC1182E1.d.42AF910B26647E408079B768B1221D72.e.81}]
Capabilities {acceptInsecureCerts: false, browserName: chrome, browserVersion: 133.0.6943.54, chrome: {chromedriverVersion: 133.0.6943.53 (9a80935019b0..., userDataDir: C:\Windows\SystemTemp\scope...}, fedcm:accounts: true, goog:chromeOptions: {debuggerAddress: localhost:60770}, networkConnectionEnabled: false, pageLoadStrategy: normal, platformName: windows, proxy: Proxy(), se:cdp: ws://localhost:60770/devtoo..., se:cdpVersion: 133.0.6943.54, setWindowRect: true, strictFileInteractability: false, timeouts: {implicit: 0, pageLoad: 300000, script: 30000}, unhandledPromptBehavior: dismiss and notify, webauthn:extension:credBlob: true, webauthn:extension:largeBlob: true, webauthn:extension:minPinLength: true, webauthn:extension:prf: true, webauthn:virtualAuthenticators: true}
Element: [[ChromeDriver: chrome on windows (96bfc4971eec8e6eb5e05f26ae239f5a)] -> xpath: //span[normalize-space()='CCE U$S 00700170285542']]
Session ID: 96bfc4971eec8e6eb5e05f26ae239f5a
at org.openqa.selenium.remote.ErrorCodec.decode(ErrorCodec.java:167)
at org.openqa.selenium.remote.codec.w3c.W3CHttpResponseCodec.decode(W3CHttpResponseCodec.java:138)
at org.openqa.selenium.remote.codec.w3c.W3CHttpResponseCodec.decode(W3CHttpResponseCodec.java:50)
at org.openqa.selenium.remote.HttpCommandExecutor.execute(HttpCommandExecutor.java:215)
at org.openqa.selenium.remote.service.DriverCommandExecutor.invokeExecute(DriverCommandExecutor.java:216)
at org.openqa.selenium.remote.service.DriverCommandExecutor.execute(DriverCommandExecutor.java:174)
at org.openqa.selenium.remote.RemoteWebDriver.execute(RemoteWebDriver.java:545)
at org.openqa.selenium.remote.RemoteWebElement.execute(RemoteWebElement.java:223)
at org.openqa.selenium.remote.RemoteWebElement.click(RemoteWebElement.java:76)
at ar.com.bna.digitaltest.pages.SellerGeneratePage.generarDebin(SellerGeneratePage.java:43)
at ar.com.bna.digitaltest.testcases.DebinTest.generateDebin(DebinTest.java:71)
at java.base/java.util.ArrayList.forEach(ArrayList.java:1597)
... Removed 28 stack frames]]>
    </failure>
  </testcase> <!-- generateDebin -->
  <testcase classname="ar.com.bna.digitaltest.testcases.DebinTest" name="generateDebin" time="6.635">
    <failure type="org.openqa.selenium.ElementClickInterceptedException" message="element click intercepted: Element &amp;lt;button id=&amp;quot;global.continue&amp;quot; type=&amp;quot;submit&amp;quot; class=&amp;quot;sc-fqkvVR sc-iGgWBj cMNRjD brkkzl is-desabled&amp;quot; disabled=&amp;quot;&amp;quot;&amp;gt;...&amp;lt;/button&amp;gt; is not clickable at point (1024, 943). Other element would receive the click: &amp;lt;div class=&amp;quot;sc-aXZVg hWMJkk sc-iHGNWf kBHaLs&amp;quot; radius=&amp;quot;&amp;quot;&amp;gt;...&amp;lt;/div&amp;gt;
  (Session info: chrome=133.0.6943.54)
Build info: version: &amp;apos;4.28.0&amp;apos;, revision: &amp;apos;ac342546e9&amp;apos;
System info: os.name: &amp;apos;Windows 10&amp;apos;, os.arch: &amp;apos;amd64&amp;apos;, os.version: &amp;apos;10.0&amp;apos;, java.version: &amp;apos;23&amp;apos;
Driver info: org.openqa.selenium.chrome.ChromeDriver
Command: [d6097c35f7496a153ec0b75a7fece161, clickElement {id=f.06444D2932481118247ACBBE2A07F731.d.D272BE2D023346AB9475665388B3879F.e.135}]
Capabilities {acceptInsecureCerts: false, browserName: chrome, browserVersion: 133.0.6943.54, chrome: {chromedriverVersion: 133.0.6943.53 (9a80935019b0..., userDataDir: C:\Windows\SystemTemp\scope...}, fedcm:accounts: true, goog:chromeOptions: {debuggerAddress: localhost:60869}, networkConnectionEnabled: false, pageLoadStrategy: normal, platformName: windows, proxy: Proxy(), se:cdp: ws://localhost:60869/devtoo..., se:cdpVersion: 133.0.6943.54, setWindowRect: true, strictFileInteractability: false, timeouts: {implicit: 0, pageLoad: 300000, script: 30000}, unhandledPromptBehavior: dismiss and notify, webauthn:extension:credBlob: true, webauthn:extension:largeBlob: true, webauthn:extension:minPinLength: true, webauthn:extension:prf: true, webauthn:virtualAuthenticators: true}
Element: [[ChromeDriver: chrome on windows (d6097c35f7496a153ec0b75a7fece161)] -&amp;gt; id: global.continue]
Session ID: d6097c35f7496a153ec0b75a7fece161">
      <![CDATA[org.openqa.selenium.ElementClickInterceptedException: element click intercepted: Element <button id="global.continue" type="submit" class="sc-fqkvVR sc-iGgWBj cMNRjD brkkzl is-desabled" disabled="">...</button> is not clickable at point (1024, 943). Other element would receive the click: <div class="sc-aXZVg hWMJkk sc-iHGNWf kBHaLs" radius="">...</div>
  (Session info: chrome=133.0.6943.54)
Build info: version: '4.28.0', revision: 'ac342546e9'
System info: os.name: 'Windows 10', os.arch: 'amd64', os.version: '10.0', java.version: '23'
Driver info: org.openqa.selenium.chrome.ChromeDriver
Command: [d6097c35f7496a153ec0b75a7fece161, clickElement {id=f.06444D2932481118247ACBBE2A07F731.d.D272BE2D023346AB9475665388B3879F.e.135}]
Capabilities {acceptInsecureCerts: false, browserName: chrome, browserVersion: 133.0.6943.54, chrome: {chromedriverVersion: 133.0.6943.53 (9a80935019b0..., userDataDir: C:\Windows\SystemTemp\scope...}, fedcm:accounts: true, goog:chromeOptions: {debuggerAddress: localhost:60869}, networkConnectionEnabled: false, pageLoadStrategy: normal, platformName: windows, proxy: Proxy(), se:cdp: ws://localhost:60869/devtoo..., se:cdpVersion: 133.0.6943.54, setWindowRect: true, strictFileInteractability: false, timeouts: {implicit: 0, pageLoad: 300000, script: 30000}, unhandledPromptBehavior: dismiss and notify, webauthn:extension:credBlob: true, webauthn:extension:largeBlob: true, webauthn:extension:minPinLength: true, webauthn:extension:prf: true, webauthn:virtualAuthenticators: true}
Element: [[ChromeDriver: chrome on windows (d6097c35f7496a153ec0b75a7fece161)] -> id: global.continue]
Session ID: d6097c35f7496a153ec0b75a7fece161
at org.openqa.selenium.remote.ErrorCodec.decode(ErrorCodec.java:167)
at org.openqa.selenium.remote.codec.w3c.W3CHttpResponseCodec.decode(W3CHttpResponseCodec.java:138)
at org.openqa.selenium.remote.codec.w3c.W3CHttpResponseCodec.decode(W3CHttpResponseCodec.java:50)
at org.openqa.selenium.remote.HttpCommandExecutor.execute(HttpCommandExecutor.java:215)
at org.openqa.selenium.remote.service.DriverCommandExecutor.invokeExecute(DriverCommandExecutor.java:216)
at org.openqa.selenium.remote.service.DriverCommandExecutor.execute(DriverCommandExecutor.java:174)
at org.openqa.selenium.remote.RemoteWebDriver.execute(RemoteWebDriver.java:545)
at org.openqa.selenium.remote.RemoteWebElement.execute(RemoteWebElement.java:223)
at org.openqa.selenium.remote.RemoteWebElement.click(RemoteWebElement.java:76)
at ar.com.bna.digitaltest.pages.SellerGeneratePage.generarDebin(SellerGeneratePage.java:53)
at ar.com.bna.digitaltest.testcases.DebinTest.generateDebin(DebinTest.java:71)
at java.base/java.util.ArrayList.forEach(ArrayList.java:1597)
... Removed 28 stack frames]]>
    </failure>
  </testcase> <!-- generateDebin -->
  <testcase classname="ar.com.bna.digitaltest.testcases.DebinTest" name="generateDebin" time="10.755"/>
  <testcase classname="ar.com.bna.digitaltest.testcases.DebinTest" name="generateDebin" time="7.968">
    <failure type="org.openqa.selenium.ElementClickInterceptedException" message="element click intercepted: Element &amp;lt;button id=&amp;quot;global.continue&amp;quot; type=&amp;quot;submit&amp;quot; class=&amp;quot;sc-fqkvVR sc-iGgWBj cMNRjD brkkzl is-desabled&amp;quot; disabled=&amp;quot;&amp;quot;&amp;gt;...&amp;lt;/button&amp;gt; is not clickable at point (1024, 943). Other element would receive the click: &amp;lt;div class=&amp;quot;sc-aXZVg hWMJkk sc-iHGNWf kBHaLs&amp;quot; radius=&amp;quot;&amp;quot;&amp;gt;...&amp;lt;/div&amp;gt;
  (Session info: chrome=133.0.6943.54)
Build info: version: &amp;apos;4.28.0&amp;apos;, revision: &amp;apos;ac342546e9&amp;apos;
System info: os.name: &amp;apos;Windows 10&amp;apos;, os.arch: &amp;apos;amd64&amp;apos;, os.version: &amp;apos;10.0&amp;apos;, java.version: &amp;apos;23&amp;apos;
Driver info: org.openqa.selenium.chrome.ChromeDriver
Command: [e84fc312fb8da3b836836b5fac26d296, clickElement {id=f.F1F16C674872A26B3DD4C68D570668B9.d.FEF13C6BEA47ADD7F04D0A8394CCE7F1.e.129}]
Capabilities {acceptInsecureCerts: false, browserName: chrome, browserVersion: 133.0.6943.54, chrome: {chromedriverVersion: 133.0.6943.53 (9a80935019b0..., userDataDir: C:\Windows\SystemTemp\scope...}, fedcm:accounts: true, goog:chromeOptions: {debuggerAddress: localhost:61015}, networkConnectionEnabled: false, pageLoadStrategy: normal, platformName: windows, proxy: Proxy(), se:cdp: ws://localhost:61015/devtoo..., se:cdpVersion: 133.0.6943.54, setWindowRect: true, strictFileInteractability: false, timeouts: {implicit: 0, pageLoad: 300000, script: 30000}, unhandledPromptBehavior: dismiss and notify, webauthn:extension:credBlob: true, webauthn:extension:largeBlob: true, webauthn:extension:minPinLength: true, webauthn:extension:prf: true, webauthn:virtualAuthenticators: true}
Element: [[ChromeDriver: chrome on windows (e84fc312fb8da3b836836b5fac26d296)] -&amp;gt; id: global.continue]
Session ID: e84fc312fb8da3b836836b5fac26d296">
      <![CDATA[org.openqa.selenium.ElementClickInterceptedException: element click intercepted: Element <button id="global.continue" type="submit" class="sc-fqkvVR sc-iGgWBj cMNRjD brkkzl is-desabled" disabled="">...</button> is not clickable at point (1024, 943). Other element would receive the click: <div class="sc-aXZVg hWMJkk sc-iHGNWf kBHaLs" radius="">...</div>
  (Session info: chrome=133.0.6943.54)
Build info: version: '4.28.0', revision: 'ac342546e9'
System info: os.name: 'Windows 10', os.arch: 'amd64', os.version: '10.0', java.version: '23'
Driver info: org.openqa.selenium.chrome.ChromeDriver
Command: [e84fc312fb8da3b836836b5fac26d296, clickElement {id=f.F1F16C674872A26B3DD4C68D570668B9.d.FEF13C6BEA47ADD7F04D0A8394CCE7F1.e.129}]
Capabilities {acceptInsecureCerts: false, browserName: chrome, browserVersion: 133.0.6943.54, chrome: {chromedriverVersion: 133.0.6943.53 (9a80935019b0..., userDataDir: C:\Windows\SystemTemp\scope...}, fedcm:accounts: true, goog:chromeOptions: {debuggerAddress: localhost:61015}, networkConnectionEnabled: false, pageLoadStrategy: normal, platformName: windows, proxy: Proxy(), se:cdp: ws://localhost:61015/devtoo..., se:cdpVersion: 133.0.6943.54, setWindowRect: true, strictFileInteractability: false, timeouts: {implicit: 0, pageLoad: 300000, script: 30000}, unhandledPromptBehavior: dismiss and notify, webauthn:extension:credBlob: true, webauthn:extension:largeBlob: true, webauthn:extension:minPinLength: true, webauthn:extension:prf: true, webauthn:virtualAuthenticators: true}
Element: [[ChromeDriver: chrome on windows (e84fc312fb8da3b836836b5fac26d296)] -> id: global.continue]
Session ID: e84fc312fb8da3b836836b5fac26d296
at org.openqa.selenium.remote.ErrorCodec.decode(ErrorCodec.java:167)
at org.openqa.selenium.remote.codec.w3c.W3CHttpResponseCodec.decode(W3CHttpResponseCodec.java:138)
at org.openqa.selenium.remote.codec.w3c.W3CHttpResponseCodec.decode(W3CHttpResponseCodec.java:50)
at org.openqa.selenium.remote.HttpCommandExecutor.execute(HttpCommandExecutor.java:215)
at org.openqa.selenium.remote.service.DriverCommandExecutor.invokeExecute(DriverCommandExecutor.java:216)
at org.openqa.selenium.remote.service.DriverCommandExecutor.execute(DriverCommandExecutor.java:174)
at org.openqa.selenium.remote.RemoteWebDriver.execute(RemoteWebDriver.java:545)
at org.openqa.selenium.remote.RemoteWebElement.execute(RemoteWebElement.java:223)
at org.openqa.selenium.remote.RemoteWebElement.click(RemoteWebElement.java:76)
at ar.com.bna.digitaltest.pages.SellerGeneratePage.generarDebin(SellerGeneratePage.java:53)
at ar.com.bna.digitaltest.testcases.DebinTest.generateDebin(DebinTest.java:71)
at java.base/java.util.ArrayList.forEach(ArrayList.java:1597)
... Removed 28 stack frames]]>
    </failure>
  </testcase> <!-- generateDebin -->
  <testcase classname="ar.com.bna.digitaltest.testcases.DebinTest" name="generateDebin" time="9.797"/>
  <testcase classname="ar.com.bna.digitaltest.testcases.DebinTest" name="generateDebin" time="41.505">
    <failure type="java.lang.IllegalArgumentException" message="Element must be set">
      <![CDATA[java.lang.IllegalArgumentException: Element must be set
at org.openqa.selenium.internal.Require.nonNull(Require.java:64)
at org.openqa.selenium.interactions.PointerInput$Origin.fromElement(PointerInput.java:280)
at org.openqa.selenium.interactions.Actions.moveInTicks(Actions.java:354)
at org.openqa.selenium.interactions.Actions.moveToElement(Actions.java:333)
at ar.com.bna.digitaltest.pages.BasePage.moveToWebElement(BasePage.java:106)
at ar.com.bna.digitaltest.pages.SellerGeneratePage.generarDebin(SellerGeneratePage.java:34)
at ar.com.bna.digitaltest.testcases.DebinTest.generateDebin(DebinTest.java:71)
at java.base/java.util.ArrayList.forEach(ArrayList.java:1597)
... Removed 25 stack frames]]>
    </failure>
  </testcase> <!-- generateDebin -->
  <testcase classname="ar.com.bna.digitaltest.testcases.DebinTest" name="verifyHeader" time="0.0">
    <ignored/>
  </testcase> <!-- verifyHeader -->
  <testcase classname="ar.com.bna.digitaltest.testcases.DebinTest" name="generateDebinRecurrente" time="0.0">
    <ignored/>
  </testcase> <!-- generateDebinRecurrente -->
  <testcase classname="ar.com.bna.digitaltest.testcases.DebinTest" name="verifyTitle" time="0.0">
    <ignored/>
  </testcase> <!-- verifyTitle -->
</testsuite> <!-- Test(failed) -->
