<?xml version="1.0" encoding="UTF-8"?>
<!-- Generated by org.testng.reporters.JUnitReportReporter -->
<<<<<<< HEAD
<testsuite hostname="H4877CC0001" failures="0" tests="5" name="ar.com.bna.digitaltest.testcases.NuevoPagoTest" time="170.611" errors="2" timestamp="2025-01-22T16:12:40 GMT-03:00" skipped="2">
  <testcase classname="ar.com.bna.digitaltest.testcases.NuevoPagoTest" name="loginAndGoToNuevoPagoPage" time="78.165">
    <error message="Cannot invoke &quot;org.openqa.selenium.WebElement.click()&quot; because the return value of &quot;ar.com.bna.digitaltest.pages.BasePage.waitUntilElementIsClickable(org.openqa.selenium.By)&quot; is null" type="java.lang.NullPointerException">
      <![CDATA[java.lang.NullPointerException: Cannot invoke "org.openqa.selenium.WebElement.click()" because the return value of "ar.com.bna.digitaltest.pages.BasePage.waitUntilElementIsClickable(org.openqa.selenium.By)" is null
at ar.com.bna.digitaltest.pages.HomePage.getPagosPage(HomePage.java:26)
at ar.com.bna.digitaltest.testcases.NuevoPagoTest.loginAndGoToNuevoPagoPage(NuevoPagoTest.java:25)
at java.base/jdk.internal.reflect.DirectMethodHandleAccessor.invoke(DirectMethodHandleAccessor.java:103)
at java.base/java.lang.reflect.Method.invoke(Method.java:580)
at org.testng.internal.invokers.MethodInvocationHelper.invokeMethod(MethodInvocationHelper.java:141)
at org.testng.internal.invokers.MethodInvocationHelper.invokeMethodConsideringTimeout(MethodInvocationHelper.java:71)
at org.testng.internal.invokers.ConfigInvoker.invokeConfigurationMethod(ConfigInvoker.java:400)
at org.testng.internal.invokers.ConfigInvoker.invokeConfigurations(ConfigInvoker.java:333)
at org.testng.internal.invokers.TestInvoker.runConfigMethods(TestInvoker.java:833)
at org.testng.internal.invokers.TestInvoker.invokeMethod(TestInvoker.java:600)
at org.testng.internal.invokers.TestInvoker.invokeTestMethod(TestInvoker.java:230)
at org.testng.internal.invokers.MethodRunner.runInSequence(MethodRunner.java:63)
at org.testng.internal.invokers.TestInvoker$MethodInvocationAgent.invoke(TestInvoker.java:992)
at org.testng.internal.invokers.TestInvoker.invokeTestMethods(TestInvoker.java:203)
at org.testng.internal.invokers.TestMethodWorker.invokeTestMethods(TestMethodWorker.java:154)
at org.testng.internal.invokers.TestMethodWorker.run(TestMethodWorker.java:134)
at java.base/java.util.concurrent.Executors$RunnableAdapter.call(Executors.java:572)
at java.base/java.util.concurrent.FutureTask.run(FutureTask.java:317)
at org.testng.internal.thread.graph.TestNGFutureTask.run(TestNGFutureTask.java:22)
at java.base/java.util.concurrent.ThreadPoolExecutor.runWorker(ThreadPoolExecutor.java:1144)
at java.base/java.util.concurrent.ThreadPoolExecutor$Worker.run(ThreadPoolExecutor.java:642)
at java.base/java.lang.Thread.run(Thread.java:1575)
]]>
    </error>
  </testcase> <!-- loginAndGoToNuevoPagoPage -->
  <testcase classname="ar.com.bna.digitaltest.testcases.NuevoPagoTest" name="loginAndGoToNuevoPagoPage" time="68.937">
    <error message="Cannot invoke &quot;org.openqa.selenium.WebElement.click()&quot; because the return value of &quot;ar.com.bna.digitaltest.pages.BasePage.waitUntilElementIsClickable(org.openqa.selenium.By)&quot; is null" type="java.lang.NullPointerException">
      <![CDATA[java.lang.NullPointerException: Cannot invoke "org.openqa.selenium.WebElement.click()" because the return value of "ar.com.bna.digitaltest.pages.BasePage.waitUntilElementIsClickable(org.openqa.selenium.By)" is null
at ar.com.bna.digitaltest.pages.HomePage.getPagosPage(HomePage.java:26)
at ar.com.bna.digitaltest.testcases.NuevoPagoTest.loginAndGoToNuevoPagoPage(NuevoPagoTest.java:25)
at java.base/jdk.internal.reflect.DirectMethodHandleAccessor.invoke(DirectMethodHandleAccessor.java:103)
at java.base/java.lang.reflect.Method.invoke(Method.java:580)
at org.testng.internal.invokers.MethodInvocationHelper.invokeMethod(MethodInvocationHelper.java:141)
at org.testng.internal.invokers.MethodInvocationHelper.invokeMethodConsideringTimeout(MethodInvocationHelper.java:71)
at org.testng.internal.invokers.ConfigInvoker.invokeConfigurationMethod(ConfigInvoker.java:400)
at org.testng.internal.invokers.ConfigInvoker.invokeConfigurations(ConfigInvoker.java:333)
at org.testng.internal.invokers.TestInvoker.runConfigMethods(TestInvoker.java:833)
at org.testng.internal.invokers.TestInvoker.invokeMethod(TestInvoker.java:600)
at org.testng.internal.invokers.TestInvoker.invokeTestMethod(TestInvoker.java:230)
at org.testng.internal.invokers.MethodRunner.runInSequence(MethodRunner.java:63)
at org.testng.internal.invokers.TestInvoker$MethodInvocationAgent.invoke(TestInvoker.java:992)
at org.testng.internal.invokers.TestInvoker.invokeTestMethods(TestInvoker.java:203)
at org.testng.internal.invokers.TestMethodWorker.invokeTestMethods(TestMethodWorker.java:154)
at org.testng.internal.invokers.TestMethodWorker.run(TestMethodWorker.java:134)
at java.base/java.util.concurrent.Executors$RunnableAdapter.call(Executors.java:572)
at java.base/java.util.concurrent.FutureTask.run(FutureTask.java:317)
at org.testng.internal.thread.graph.TestNGFutureTask.run(TestNGFutureTask.java:22)
at java.base/java.util.concurrent.ThreadPoolExecutor.runWorker(ThreadPoolExecutor.java:1144)
at java.base/java.util.concurrent.ThreadPoolExecutor$Worker.run(ThreadPoolExecutor.java:642)
at java.base/java.lang.Thread.run(Thread.java:1575)
]]>
    </error>
  </testcase> <!-- loginAndGoToNuevoPagoPage -->
  <testcase classname="ar.com.bna.digitaltest.testcases.NuevoPagoTest" name="verifyTitle" time="23.509"/>
  <testcase classname="ar.com.bna.digitaltest.testcases.NuevoPagoTest" name="verifyHeader" time="0.000">
    <skipped/>
  </testcase> <!-- verifyHeader -->
  <testcase classname="ar.com.bna.digitaltest.testcases.NuevoPagoTest" name="enterNoDataAndSubmmit" time="0.000">
    <skipped/>
  </testcase> <!-- enterNoDataAndSubmmit -->
=======
<testsuite hostname="H4877CC0001" failures="0" tests="3" name="ar.com.bna.digitaltest.testcases.NuevoPagoTest" time="123.694" errors="0" timestamp="2025-07-14T09:25:22 GMT-03:00" skipped="0">
  <testcase classname="ar.com.bna.digitaltest.testcases.NuevoPagoTest" name="verifyTitle" time="37.195"/>
  <testcase classname="ar.com.bna.digitaltest.testcases.NuevoPagoTest" name="verifyHeader" time="35.599"/>
  <testcase classname="ar.com.bna.digitaltest.testcases.NuevoPagoTest" name="enterNoDataAndSubmmit" time="50.900"/>
>>>>>>> 3ec3847 (segundo commit)
</testsuite> <!-- ar.com.bna.digitaltest.testcases.NuevoPagoTest -->
